[2023-10-02T12:47:37.005+0000] {taskinstance.py:1125} INFO - Dependencies all met for dep_context=non-requeueable deps ti=<TaskInstance: launch_rocket.build_stage_1 manual__2023-10-02T12:47:34.955735+00:00 [queued]>
[2023-10-02T12:47:37.023+0000] {taskinstance.py:1125} INFO - Dependencies all met for dep_context=requeueable deps ti=<TaskInstance: launch_rocket.build_stage_1 manual__2023-10-02T12:47:34.955735+00:00 [queued]>
[2023-10-02T12:47:37.025+0000] {taskinstance.py:1331} INFO - Starting attempt 1 of 1
[2023-10-02T12:47:37.056+0000] {taskinstance.py:1350} INFO - Executing <Task(BashOperator): build_stage_1> on 2023-10-02 12:47:34.955735+00:00
[2023-10-02T12:47:37.062+0000] {standard_task_runner.py:57} INFO - Started process 3359 to run task
[2023-10-02T12:47:37.079+0000] {standard_task_runner.py:84} INFO - Running: ['***', 'tasks', 'run', 'launch_rocket', 'build_stage_1', 'manual__2023-10-02T12:47:34.955735+00:00', '--job-id', '5', '--raw', '--subdir', 'DAGS_FOLDER/dag_exercise_1.py', '--cfg-path', '/tmp/tmpm5246_u_']
[2023-10-02T12:47:37.083+0000] {standard_task_runner.py:85} INFO - Job 5: Subtask build_stage_1
[2023-10-02T12:47:37.205+0000] {task_command.py:410} INFO - Running <TaskInstance: launch_rocket.build_stage_1 manual__2023-10-02T12:47:34.955735+00:00 [running]> on host f21dc12153d8
[2023-10-02T12:47:37.397+0000] {taskinstance.py:1570} INFO - Exporting env vars: AIRFLOW_CTX_DAG_OWNER='***' AIRFLOW_CTX_DAG_ID='launch_rocket' AIRFLOW_CTX_TASK_ID='build_stage_1' AIRFLOW_CTX_EXECUTION_DATE='2023-10-02T12:47:34.955735+00:00' AIRFLOW_CTX_TRY_NUMBER='1' AIRFLOW_CTX_DAG_RUN_ID='manual__2023-10-02T12:47:34.955735+00:00'
[2023-10-02T12:47:37.400+0000] {subprocess.py:63} INFO - Tmp dir root location: 
 /tmp
[2023-10-02T12:47:37.401+0000] {subprocess.py:75} INFO - Running command: ['/bin/bash', '-c', 'echo <Task(BashOperator): build_stage_1> is running in the <DAG: launch_rocket> pipeline']
[2023-10-02T12:47:37.439+0000] {subprocess.py:86} INFO - Output:
[2023-10-02T12:47:37.467+0000] {subprocess.py:93} INFO - /bin/bash: -c: line 1: syntax error near unexpected token `('
[2023-10-02T12:47:37.468+0000] {subprocess.py:93} INFO - /bin/bash: -c: line 1: `echo <Task(BashOperator): build_stage_1> is running in the <DAG: launch_rocket> pipeline'
[2023-10-02T12:47:37.469+0000] {subprocess.py:97} INFO - Command exited with return code 2
[2023-10-02T12:47:37.501+0000] {taskinstance.py:1847} ERROR - Task failed with exception
Traceback (most recent call last):
  File "/home/airflow/.local/lib/python3.7/site-packages/airflow/operators/bash.py", line 211, in execute
    f"Bash command failed. The command returned a non-zero exit code {result.exit_code}."
airflow.exceptions.AirflowException: Bash command failed. The command returned a non-zero exit code 2.
[2023-10-02T12:47:37.509+0000] {taskinstance.py:1373} INFO - Marking task as FAILED. dag_id=launch_rocket, task_id=build_stage_1, execution_date=20231002T124734, start_date=20231002T124737, end_date=20231002T124737
[2023-10-02T12:47:37.595+0000] {standard_task_runner.py:109} ERROR - Failed to execute job 5 for task build_stage_1 (Bash command failed. The command returned a non-zero exit code 2.; 3359)
[2023-10-02T12:47:37.616+0000] {local_task_job_runner.py:232} INFO - Task exited with return code 1
[2023-10-02T12:47:37.647+0000] {taskinstance.py:2674} INFO - 0 downstream tasks scheduled from follow-on schedule check
